...found 14 targets...
...updating 4 targets...
common.mkdir bin.v2/libs/regex/build/gcc-4.5.3
common.mkdir bin.v2/libs/regex/build/gcc-4.5.3/debug
gcc.compile.c++ bin.v2/libs/regex/build/gcc-4.5.3/debug/has_icu_test.o
libs/regex/build/has_icu_test.cpp:12:30: fatal error: unicode/uversion.h: No such file or directory
compilation terminated.

    "g++"  -ftemplate-depth-128 -O0 -fno-inline -Wall -pedantic -g -fPIC  -DBOOST_ALL_NO_LIB=1 -DBOOST_HAS_ICU=1  -I"." -c -o "bin.v2/libs/regex/build/gcc-4.5.3/debug/has_icu_test.o" "libs/regex/build/has_icu_test.cpp"

...failed gcc.compile.c++ bin.v2/libs/regex/build/gcc-4.5.3/debug/has_icu_test.o...
...skipped <pbin.v2/libs/regex/build/gcc-4.5.3/debug>has_icu for lack of <pbin.v2/libs/regex/build/gcc-4.5.3/debug>has_icu_test.o...
...failed updating 1 target...
...skipped 1 target...
...updated 2 targets...
...found 9 targets...
...updating 4 targets...
common.mkdir bin.v2/libs/locale/build/gcc-4.5.3
common.mkdir bin.v2/libs/locale/build/gcc-4.5.3/debug
gcc.compile.c++ bin.v2/libs/locale/build/gcc-4.5.3/debug/has_iconv_libc_obj.o
gcc.link bin.v2/libs/locale/build/gcc-4.5.3/debug/has_iconv
...updated 4 targets...
...found 5 targets...
...updating 2 targets...
gcc.compile.c++ bin.v2/libs/locale/build/gcc-4.5.3/debug/has_icu_obj.o
libs/locale/src/../build/has_icu_test.cpp:12:30: fatal error: unicode/uversion.h: No such file or directory
compilation terminated.

    "g++"  -ftemplate-depth-128 -O0 -fno-inline -Wall -g -fPIC  -DBOOST_ALL_NO_LIB=1  -I"." -c -o "bin.v2/libs/locale/build/gcc-4.5.3/debug/has_icu_obj.o" "libs/locale/src/../build/has_icu_test.cpp"

...failed gcc.compile.c++ bin.v2/libs/locale/build/gcc-4.5.3/debug/has_icu_obj.o...
...skipped <pbin.v2/libs/locale/build/gcc-4.5.3/debug>has_icu for lack of <pbin.v2/libs/locale/build/gcc-4.5.3/debug>has_icu_obj.o...
...failed updating 1 target...
...skipped 1 target...
...found 2 targets...
...updating 2 targets...
gcc.compile.c++ bin.v2/libs/locale/build/gcc-4.5.3/debug/has_icu64_obj.o
libs/locale/src/../build/has_icu_test.cpp:12:30: fatal error: unicode/uversion.h: No such file or directory
compilation terminated.

    "g++"  -ftemplate-depth-128 -O0 -fno-inline -Wall -g -fPIC  -DBOOST_ALL_NO_LIB=1  -I"." -c -o "bin.v2/libs/locale/build/gcc-4.5.3/debug/has_icu64_obj.o" "libs/locale/src/../build/has_icu_test.cpp"

...failed gcc.compile.c++ bin.v2/libs/locale/build/gcc-4.5.3/debug/has_icu64_obj.o...
...skipped <pbin.v2/libs/locale/build/gcc-4.5.3/debug>has_icu64 for lack of <pbin.v2/libs/locale/build/gcc-4.5.3/debug>has_icu64_obj.o...
...failed updating 1 target...
...skipped 1 target...
...found 7 targets...
...updating 3 targets...
common.mkdir bin.v2/libs/math/config/gcc-4.5.3
common.mkdir bin.v2/libs/math/config/gcc-4.5.3/debug
gcc.compile.c++ bin.v2/libs/math/config/gcc-4.5.3/debug/has_gcc_visibility.o
...updated 3 targets...
...found 47 targets...
...updating 1 target...
gcc.compile.c++ bin.v2/libs/math/config/gcc-4.5.3/debug/has_long_double_support.o
...updated 1 target...
